<?xml version="1.0" encoding="UTF-8"?>
<!-- Generated by org.testng.reporters.JUnitReportReporter -->
<testsuite hostname="LAPTOP-RKEVC29F" failures="0" tests="1" name="testCases.TC_001_RegistrationOfUser" time="5.360" errors="0" timestamp="2025-07-09T00:38:08 IST" skipped="0">
  <testcase classname="testCases.TC_001_RegistrationOfUser" name="registration" time="5.360"/>
</testsuite> <!-- testCases.TC_001_RegistrationOfUser -->
