<?xml version="1.0" encoding="UTF-8"?>
<!-- Generated by org.testng.reporters.JUnitReportReporter -->
<testsuite hostname="LAPTOP-RKEVC29F" failures="0" tests="2" name="testCases.TC_002_LoginTest" time="5.128" errors="0" timestamp="2025-07-08T15:39:38 IST" skipped="0">
  <testcase classname="testCases.TC_002_LoginTest" name="login" time="2.773"/>
  <testcase classname="testCases.TC_002_LoginTest" name="login" time="2.355"/>
</testsuite> <!-- testCases.TC_002_LoginTest -->
