<?xml version="1.0" encoding="UTF-8"?>
<!-- Generated by org.testng.reporters.JUnitReportReporter -->
<testsuite hostname="LAPTOP-RKEVC29F" failures="0" tests="1" name="testCases.TC_002_LoginTest" time="1.651" errors="0" timestamp="2025-07-09T00:38:08 IST" skipped="0">
  <testcase classname="testCases.TC_002_LoginTest" name="login" time="1.651"/>
</testsuite> <!-- testCases.TC_002_LoginTest -->
