<?xml version="1.0" encoding="UTF-8"?>
<!-- Generated by org.testng.reporters.JUnitReportReporter -->
<testsuite hostname="LAPTOP-RKEVC29F" failures="0" tests="2" name="testCases.TC_001_RegistrationOfUser" time="7.915" errors="0" timestamp="2025-07-08T15:39:38 IST" skipped="0">
  <testcase classname="testCases.TC_001_RegistrationOfUser" name="registration" time="4.444"/>
  <testcase classname="testCases.TC_001_RegistrationOfUser" name="registration" time="3.471"/>
</testsuite> <!-- testCases.TC_001_RegistrationOfUser -->
