<?xml version="1.0" encoding="UTF-8"?>
<!-- Generated by org.testng.reporters.JUnitReportReporter -->
<testsuite hostname="LAPTOP-RKEVC29F" failures="0" tests="1" name="testCases.TC_003_ForgotPwdTest" time="3.372" errors="0" timestamp="2025-07-08T17:40:40 IST" skipped="0">
  <testcase classname="testCases.TC_003_ForgotPwdTest" name="forgotPwd" time="3.372"/>
</testsuite> <!-- testCases.TC_003_ForgotPwdTest -->
