<?xml version="1.0" encoding="UTF-8"?>
<!-- Generated by org.testng.reporters.JUnitReportReporter -->
<testsuite hostname="LAPTOP-RKEVC29F" failures="0" tests="1" name="testCases.TC_001_RegistrationOfUser" time="3.545" errors="0" timestamp="2025-07-08T17:40:40 IST" skipped="0">
  <testcase classname="testCases.TC_001_RegistrationOfUser" name="registration" time="3.545"/>
</testsuite> <!-- testCases.TC_001_RegistrationOfUser -->
